\BOOKMARK [0][-]{dedication.0}{Dedicat\363ria}{}% 1
\BOOKMARK [0][-]{acknowledgements.0}{Agradecimentos}{}% 2
\BOOKMARK [0][-]{resumo.0}{Resumo}{}% 3
\BOOKMARK [0][-]{abstract.0}{Abstract}{}% 4
\BOOKMARK [0][-]{chapter.1}{Introdu\347\343o}{}% 5
\BOOKMARK [1][-]{section.1.1}{Os Processadores: MIPS, ARM e outros antes do RISC-V}{chapter.1}% 6
\BOOKMARK [1][-]{section.1.2}{Import\342ncia acad\352mica e industrial do RISC-V}{chapter.1}% 7
\BOOKMARK [1][-]{section.1.3}{Ambiente de desenvolvimento}{chapter.1}% 8
\BOOKMARK [1][-]{section.1.4}{Explica\347\343o dos cap\355tulos}{chapter.1}% 9
\BOOKMARK [0][-]{chapter.2}{Fundamenta\347\343o te\363rica}{}% 10
\BOOKMARK [1][-]{section.2.1}{Arquitetura RISC-V: ISA}{chapter.2}% 11
\BOOKMARK [2][-]{subsection.2.1.1}{Objetivos}{section.2.1}% 12
\BOOKMARK [2][-]{subsection.2.1.2}{Hist\363ria}{section.2.1}% 13
\BOOKMARK [2][-]{subsection.2.1.3}{RISC-V Foundation}{section.2.1}% 14
\BOOKMARK [2][-]{subsection.2.1.4}{Open Source}{section.2.1}% 15
\BOOKMARK [2][-]{subsection.2.1.5}{Modelo de mem\363ria}{section.2.1}% 16
\BOOKMARK [2][-]{subsection.2.1.6}{Instru\347\365es}{section.2.1}% 17
\BOOKMARK [1][-]{section.2.2}{Montador}{chapter.2}% 18
\BOOKMARK [2][-]{subsection.2.2.1}{Algoritmo de duas passagens}{section.2.2}% 19
\BOOKMARK [1][-]{section.2.3}{Aplica\347\365es web}{chapter.2}% 20
\BOOKMARK [2][-]{subsection.2.3.1}{Arquitetura}{section.2.3}% 21
\BOOKMARK [0][-]{chapter.3}{Ambiente Proposto}{}% 22
\BOOKMARK [1][-]{section.3.1}{Ambiente proposto}{chapter.3}% 23
\BOOKMARK [1][-]{section.3.2}{Arquitetura de software}{chapter.3}% 24
\BOOKMARK [1][-]{section.3.3}{Interface web}{chapter.3}% 25
\BOOKMARK [1][-]{section.3.4}{Montador}{chapter.3}% 26
\BOOKMARK [1][-]{section.3.5}{Simulador}{chapter.3}% 27
\BOOKMARK [1][-]{section.3.6}{Extensiblidade}{chapter.3}% 28
\BOOKMARK [0][-]{chapter.4}{Resultados e Avalia\347\343o do Sistema}{}% 29
\BOOKMARK [1][-]{section.4.1}{Poss\355veis erros de montagem}{chapter.4}% 30
\BOOKMARK [1][-]{section.4.2}{C\363digo exemplo}{chapter.4}% 31
\BOOKMARK [1][-]{section.4.3}{Saidas}{chapter.4}% 32
\BOOKMARK [0][-]{chapter.5}{Conclus\365es}{}% 33
\BOOKMARK [1][-]{section.5.1}{Objetivos atingidos}{chapter.5}% 34
\BOOKMARK [1][-]{section.5.2}{Pontos positivos e negativos}{chapter.5}% 35
\BOOKMARK [1][-]{section.5.3}{Dificuldades}{chapter.5}% 36
\BOOKMARK [1][-]{section.5.4}{Melhorias e trabalhos futuros}{chapter.5}% 37
\BOOKMARK [0][-]{section*.10}{Refer\352ncias}{}% 38
